<?xml version="1.0" encoding="UTF-8"?>
<testsuite xmlns:xsi="http://www.w3.org/2001/XMLSchema-instance" xsi:noNamespaceSchemaLocation="https://maven.apache.org/surefire/maven-surefire-plugin/xsd/surefire-test-report-3.0.xsd" version="3.0" name="TestSuite" time="145.267" tests="16" errors="0" skipped="0" failures="0">
  <properties>
    <property name="java.specification.version" value="21"/>
    <property name="sun.cpu.isalist" value="amd64"/>
    <property name="sun.jnu.encoding" value="Cp1255"/>
    <property name="sun.awt.enableExtraMouseButtons" value="true"/>
    <property name="java.class.path" value="C:\Projects\Selenium\A\demo\target\test-classes;C:\Projects\Selenium\A\demo\target\classes;C:\Users\Kendel\.m2\repository\org\testng\testng\7.4.0\testng-7.4.0.jar;C:\Users\Kendel\.m2\repository\com\beust\jcommander\1.78\jcommander-1.78.jar;C:\Users\Kendel\.m2\repository\org\webjars\jquery\3.5.1\jquery-3.5.1.jar;C:\Users\Kendel\.m2\repository\org\seleniumhq\selenium\selenium-java\4.18.1\selenium-java-4.18.1.jar;C:\Users\Kendel\.m2\repository\org\seleniumhq\selenium\selenium-chrome-driver\4.18.1\selenium-chrome-driver-4.18.1.jar;C:\Users\Kendel\.m2\repository\com\google\auto\service\auto-service-annotations\1.1.1\auto-service-annotations-1.1.1.jar;C:\Users\Kendel\.m2\repository\org\seleniumhq\selenium\selenium-chromium-driver\4.18.1\selenium-chromium-driver-4.18.1.jar;C:\Users\Kendel\.m2\repository\org\seleniumhq\selenium\selenium-json\4.18.1\selenium-json-4.18.1.jar;C:\Users\Kendel\.m2\repository\org\seleniumhq\selenium\selenium-manager\4.18.1\selenium-manager-4.18.1.jar;C:\Users\Kendel\.m2\repository\org\seleniumhq\selenium\selenium-devtools-v120\4.18.1\selenium-devtools-v120-4.18.1.jar;C:\Users\Kendel\.m2\repository\org\seleniumhq\selenium\selenium-devtools-v121\4.18.1\selenium-devtools-v121-4.18.1.jar;C:\Users\Kendel\.m2\repository\org\seleniumhq\selenium\selenium-devtools-v122\4.18.1\selenium-devtools-v122-4.18.1.jar;C:\Users\Kendel\.m2\repository\org\seleniumhq\selenium\selenium-devtools-v85\4.18.1\selenium-devtools-v85-4.18.1.jar;C:\Users\Kendel\.m2\repository\org\seleniumhq\selenium\selenium-edge-driver\4.18.1\selenium-edge-driver-4.18.1.jar;C:\Users\Kendel\.m2\repository\org\seleniumhq\selenium\selenium-firefox-driver\4.18.1\selenium-firefox-driver-4.18.1.jar;C:\Users\Kendel\.m2\repository\org\seleniumhq\selenium\selenium-http\4.18.1\selenium-http-4.18.1.jar;C:\Users\Kendel\.m2\repository\dev\failsafe\failsafe\3.3.2\failsafe-3.3.2.jar;C:\Users\Kendel\.m2\repository\org\seleniumhq\selenium\selenium-ie-driver\4.18.1\selenium-ie-driver-4.18.1.jar;C:\Users\Kendel\.m2\repository\org\seleniumhq\selenium\selenium-remote-driver\4.18.1\selenium-remote-driver-4.18.1.jar;C:\Users\Kendel\.m2\repository\io\opentelemetry\semconv\opentelemetry-semconv\1.23.1-alpha\opentelemetry-semconv-1.23.1-alpha.jar;C:\Users\Kendel\.m2\repository\io\opentelemetry\opentelemetry-api\1.35.0\opentelemetry-api-1.35.0.jar;C:\Users\Kendel\.m2\repository\io\opentelemetry\opentelemetry-context\1.35.0\opentelemetry-context-1.35.0.jar;C:\Users\Kendel\.m2\repository\io\opentelemetry\opentelemetry-exporter-logging\1.35.0\opentelemetry-exporter-logging-1.35.0.jar;C:\Users\Kendel\.m2\repository\io\opentelemetry\opentelemetry-sdk-common\1.35.0\opentelemetry-sdk-common-1.35.0.jar;C:\Users\Kendel\.m2\repository\io\opentelemetry\opentelemetry-sdk-extension-autoconfigure-spi\1.35.0\opentelemetry-sdk-extension-autoconfigure-spi-1.35.0.jar;C:\Users\Kendel\.m2\repository\io\opentelemetry\opentelemetry-sdk-extension-autoconfigure\1.35.0\opentelemetry-sdk-extension-autoconfigure-1.35.0.jar;C:\Users\Kendel\.m2\repository\io\opentelemetry\opentelemetry-api-events\1.35.0-alpha\opentelemetry-api-events-1.35.0-alpha.jar;C:\Users\Kendel\.m2\repository\io\opentelemetry\opentelemetry-sdk-trace\1.35.0\opentelemetry-sdk-trace-1.35.0.jar;C:\Users\Kendel\.m2\repository\io\opentelemetry\opentelemetry-extension-incubator\1.35.0-alpha\opentelemetry-extension-incubator-1.35.0-alpha.jar;C:\Users\Kendel\.m2\repository\io\opentelemetry\opentelemetry-sdk\1.35.0\opentelemetry-sdk-1.35.0.jar;C:\Users\Kendel\.m2\repository\io\opentelemetry\opentelemetry-sdk-metrics\1.35.0\opentelemetry-sdk-metrics-1.35.0.jar;C:\Users\Kendel\.m2\repository\io\opentelemetry\opentelemetry-sdk-logs\1.35.0\opentelemetry-sdk-logs-1.35.0.jar;C:\Users\Kendel\.m2\repository\net\bytebuddy\byte-buddy\1.14.12\byte-buddy-1.14.12.jar;C:\Users\Kendel\.m2\repository\org\seleniumhq\selenium\selenium-os\4.18.1\selenium-os-4.18.1.jar;C:\Users\Kendel\.m2\repository\org\apache\commons\commons-exec\1.3\commons-exec-1.3.jar;C:\Users\Kendel\.m2\repository\org\seleniumhq\selenium\selenium-safari-driver\4.18.1\selenium-safari-driver-4.18.1.jar;C:\Users\Kendel\.m2\repository\org\seleniumhq\selenium\selenium-support\4.18.1\selenium-support-4.18.1.jar;C:\Users\Kendel\.m2\repository\org\seleniumhq\selenium\selenium-api\4.18.1\selenium-api-4.18.1.jar;C:\Users\Kendel\.m2\repository\io\qameta\allure\allure-testng\2.25.0\allure-testng-2.25.0.jar;C:\Users\Kendel\.m2\repository\io\qameta\allure\allure-java-commons\2.25.0\allure-java-commons-2.25.0.jar;C:\Users\Kendel\.m2\repository\io\qameta\allure\allure-model\2.25.0\allure-model-2.25.0.jar;C:\Users\Kendel\.m2\repository\io\qameta\allure\allure-test-filter\2.25.0\allure-test-filter-2.25.0.jar;C:\Users\Kendel\.m2\repository\org\slf4j\slf4j-jdk14\1.7.30\slf4j-jdk14-1.7.30.jar;C:\Users\Kendel\.m2\repository\org\slf4j\slf4j-api\1.7.30\slf4j-api-1.7.30.jar;C:\Users\Kendel\.m2\repository\com\github\stephenc\monte\monte-screen-recorder\0.7.7.0\monte-screen-recorder-0.7.7.0.jar;C:\Users\Kendel\.m2\repository\commons-io\commons-io\2.15.1\commons-io-2.15.1.jar;C:\Users\Kendel\.m2\repository\org\aspectj\aspectjweaver\1.9.20.1\aspectjweaver-1.9.20.1.jar;C:\Users\Kendel\.m2\repository\net\lightbody\bmp\browsermob-core\2.1.5\browsermob-core-2.1.5.jar;C:\Users\Kendel\.m2\repository\net\lightbody\bmp\littleproxy\1.1.0-beta-bmp-17\littleproxy-1.1.0-beta-bmp-17.jar;C:\Users\Kendel\.m2\repository\org\apache\commons\commons-lang3\3.5\commons-lang3-3.5.jar;C:\Users\Kendel\.m2\repository\com\fasterxml\jackson\core\jackson-core\2.8.9\jackson-core-2.8.9.jar;C:\Users\Kendel\.m2\repository\com\fasterxml\jackson\core\jackson-databind\2.8.9\jackson-databind-2.8.9.jar;C:\Users\Kendel\.m2\repository\com\fasterxml\jackson\core\jackson-annotations\2.8.9\jackson-annotations-2.8.9.jar;C:\Users\Kendel\.m2\repository\com\google\guava\guava\23.0-android\guava-23.0-android.jar;C:\Users\Kendel\.m2\repository\com\google\code\findbugs\jsr305\1.3.9\jsr305-1.3.9.jar;C:\Users\Kendel\.m2\repository\com\google\errorprone\error_prone_annotations\2.0.18\error_prone_annotations-2.0.18.jar;C:\Users\Kendel\.m2\repository\com\google\j2objc\j2objc-annotations\1.1\j2objc-annotations-1.1.jar;C:\Users\Kendel\.m2\repository\org\codehaus\mojo\animal-sniffer-annotations\1.14\animal-sniffer-annotations-1.14.jar;C:\Users\Kendel\.m2\repository\dnsjava\dnsjava\2.1.8\dnsjava-2.1.8.jar;C:\Users\Kendel\.m2\repository\org\slf4j\jcl-over-slf4j\1.7.25\jcl-over-slf4j-1.7.25.jar;C:\Users\Kendel\.m2\repository\com\jcraft\jzlib\1.1.3\jzlib-1.1.3.jar;C:\Users\Kendel\.m2\repository\io\netty\netty-all\4.0.51.Final\netty-all-4.0.51.Final.jar;C:\Users\Kendel\.m2\repository\org\bouncycastle\bcprov-jdk15on\1.58\bcprov-jdk15on-1.58.jar;C:\Users\Kendel\.m2\repository\org\bouncycastle\bcpkix-jdk15on\1.58\bcpkix-jdk15on-1.58.jar;C:\Users\Kendel\.m2\repository\net\lightbody\bmp\mitm\2.1.5\mitm-2.1.5.jar;"/>
    <property name="java.vm.vendor" value="Oracle Corporation"/>
    <property name="sun.arch.data.model" value="64"/>
    <property name="user.variant" value=""/>
    <property name="java.vendor.url" value="https://java.oracle.com/"/>
    <property name="user.timezone" value="Asia/Jerusalem"/>
    <property name="os.name" value="Windows 10"/>
    <property name="java.vm.specification.version" value="21"/>
    <property name="sun.java.launcher" value="SUN_STANDARD"/>
    <property name="user.country" value="US"/>
    <property name="sun.boot.library.path" value="C:\Program Files\Java\jdk-21\bin"/>
    <property name="sun.java.command" value="C:\Users\Kendel\AppData\Local\Temp\surefire17430520095400152456\surefirebooter-20240302115405711_3.jar C:\Users\Kendel\AppData\Local\Temp\surefire17430520095400152456 2024-03-02T11-54-05_564-jvmRun1 surefire-20240302115405711_1tmp surefire_0-20240302115405711_2tmp"/>
    <property name="jdk.debug" value="release"/>
    <property name="surefire.test.class.path" value="C:\Projects\Selenium\A\demo\target\test-classes;C:\Projects\Selenium\A\demo\target\classes;C:\Users\Kendel\.m2\repository\org\testng\testng\7.4.0\testng-7.4.0.jar;C:\Users\Kendel\.m2\repository\com\beust\jcommander\1.78\jcommander-1.78.jar;C:\Users\Kendel\.m2\repository\org\webjars\jquery\3.5.1\jquery-3.5.1.jar;C:\Users\Kendel\.m2\repository\org\seleniumhq\selenium\selenium-java\4.18.1\selenium-java-4.18.1.jar;C:\Users\Kendel\.m2\repository\org\seleniumhq\selenium\selenium-chrome-driver\4.18.1\selenium-chrome-driver-4.18.1.jar;C:\Users\Kendel\.m2\repository\com\google\auto\service\auto-service-annotations\1.1.1\auto-service-annotations-1.1.1.jar;C:\Users\Kendel\.m2\repository\org\seleniumhq\selenium\selenium-chromium-driver\4.18.1\selenium-chromium-driver-4.18.1.jar;C:\Users\Kendel\.m2\repository\org\seleniumhq\selenium\selenium-json\4.18.1\selenium-json-4.18.1.jar;C:\Users\Kendel\.m2\repository\org\seleniumhq\selenium\selenium-manager\4.18.1\selenium-manager-4.18.1.jar;C:\Users\Kendel\.m2\repository\org\seleniumhq\selenium\selenium-devtools-v120\4.18.1\selenium-devtools-v120-4.18.1.jar;C:\Users\Kendel\.m2\repository\org\seleniumhq\selenium\selenium-devtools-v121\4.18.1\selenium-devtools-v121-4.18.1.jar;C:\Users\Kendel\.m2\repository\org\seleniumhq\selenium\selenium-devtools-v122\4.18.1\selenium-devtools-v122-4.18.1.jar;C:\Users\Kendel\.m2\repository\org\seleniumhq\selenium\selenium-devtools-v85\4.18.1\selenium-devtools-v85-4.18.1.jar;C:\Users\Kendel\.m2\repository\org\seleniumhq\selenium\selenium-edge-driver\4.18.1\selenium-edge-driver-4.18.1.jar;C:\Users\Kendel\.m2\repository\org\seleniumhq\selenium\selenium-firefox-driver\4.18.1\selenium-firefox-driver-4.18.1.jar;C:\Users\Kendel\.m2\repository\org\seleniumhq\selenium\selenium-http\4.18.1\selenium-http-4.18.1.jar;C:\Users\Kendel\.m2\repository\dev\failsafe\failsafe\3.3.2\failsafe-3.3.2.jar;C:\Users\Kendel\.m2\repository\org\seleniumhq\selenium\selenium-ie-driver\4.18.1\selenium-ie-driver-4.18.1.jar;C:\Users\Kendel\.m2\repository\org\seleniumhq\selenium\selenium-remote-driver\4.18.1\selenium-remote-driver-4.18.1.jar;C:\Users\Kendel\.m2\repository\io\opentelemetry\semconv\opentelemetry-semconv\1.23.1-alpha\opentelemetry-semconv-1.23.1-alpha.jar;C:\Users\Kendel\.m2\repository\io\opentelemetry\opentelemetry-api\1.35.0\opentelemetry-api-1.35.0.jar;C:\Users\Kendel\.m2\repository\io\opentelemetry\opentelemetry-context\1.35.0\opentelemetry-context-1.35.0.jar;C:\Users\Kendel\.m2\repository\io\opentelemetry\opentelemetry-exporter-logging\1.35.0\opentelemetry-exporter-logging-1.35.0.jar;C:\Users\Kendel\.m2\repository\io\opentelemetry\opentelemetry-sdk-common\1.35.0\opentelemetry-sdk-common-1.35.0.jar;C:\Users\Kendel\.m2\repository\io\opentelemetry\opentelemetry-sdk-extension-autoconfigure-spi\1.35.0\opentelemetry-sdk-extension-autoconfigure-spi-1.35.0.jar;C:\Users\Kendel\.m2\repository\io\opentelemetry\opentelemetry-sdk-extension-autoconfigure\1.35.0\opentelemetry-sdk-extension-autoconfigure-1.35.0.jar;C:\Users\Kendel\.m2\repository\io\opentelemetry\opentelemetry-api-events\1.35.0-alpha\opentelemetry-api-events-1.35.0-alpha.jar;C:\Users\Kendel\.m2\repository\io\opentelemetry\opentelemetry-sdk-trace\1.35.0\opentelemetry-sdk-trace-1.35.0.jar;C:\Users\Kendel\.m2\repository\io\opentelemetry\opentelemetry-extension-incubator\1.35.0-alpha\opentelemetry-extension-incubator-1.35.0-alpha.jar;C:\Users\Kendel\.m2\repository\io\opentelemetry\opentelemetry-sdk\1.35.0\opentelemetry-sdk-1.35.0.jar;C:\Users\Kendel\.m2\repository\io\opentelemetry\opentelemetry-sdk-metrics\1.35.0\opentelemetry-sdk-metrics-1.35.0.jar;C:\Users\Kendel\.m2\repository\io\opentelemetry\opentelemetry-sdk-logs\1.35.0\opentelemetry-sdk-logs-1.35.0.jar;C:\Users\Kendel\.m2\repository\net\bytebuddy\byte-buddy\1.14.12\byte-buddy-1.14.12.jar;C:\Users\Kendel\.m2\repository\org\seleniumhq\selenium\selenium-os\4.18.1\selenium-os-4.18.1.jar;C:\Users\Kendel\.m2\repository\org\apache\commons\commons-exec\1.3\commons-exec-1.3.jar;C:\Users\Kendel\.m2\repository\org\seleniumhq\selenium\selenium-safari-driver\4.18.1\selenium-safari-driver-4.18.1.jar;C:\Users\Kendel\.m2\repository\org\seleniumhq\selenium\selenium-support\4.18.1\selenium-support-4.18.1.jar;C:\Users\Kendel\.m2\repository\org\seleniumhq\selenium\selenium-api\4.18.1\selenium-api-4.18.1.jar;C:\Users\Kendel\.m2\repository\io\qameta\allure\allure-testng\2.25.0\allure-testng-2.25.0.jar;C:\Users\Kendel\.m2\repository\io\qameta\allure\allure-java-commons\2.25.0\allure-java-commons-2.25.0.jar;C:\Users\Kendel\.m2\repository\io\qameta\allure\allure-model\2.25.0\allure-model-2.25.0.jar;C:\Users\Kendel\.m2\repository\io\qameta\allure\allure-test-filter\2.25.0\allure-test-filter-2.25.0.jar;C:\Users\Kendel\.m2\repository\org\slf4j\slf4j-jdk14\1.7.30\slf4j-jdk14-1.7.30.jar;C:\Users\Kendel\.m2\repository\org\slf4j\slf4j-api\1.7.30\slf4j-api-1.7.30.jar;C:\Users\Kendel\.m2\repository\com\github\stephenc\monte\monte-screen-recorder\0.7.7.0\monte-screen-recorder-0.7.7.0.jar;C:\Users\Kendel\.m2\repository\commons-io\commons-io\2.15.1\commons-io-2.15.1.jar;C:\Users\Kendel\.m2\repository\org\aspectj\aspectjweaver\1.9.20.1\aspectjweaver-1.9.20.1.jar;C:\Users\Kendel\.m2\repository\net\lightbody\bmp\browsermob-core\2.1.5\browsermob-core-2.1.5.jar;C:\Users\Kendel\.m2\repository\net\lightbody\bmp\littleproxy\1.1.0-beta-bmp-17\littleproxy-1.1.0-beta-bmp-17.jar;C:\Users\Kendel\.m2\repository\org\apache\commons\commons-lang3\3.5\commons-lang3-3.5.jar;C:\Users\Kendel\.m2\repository\com\fasterxml\jackson\core\jackson-core\2.8.9\jackson-core-2.8.9.jar;C:\Users\Kendel\.m2\repository\com\fasterxml\jackson\core\jackson-databind\2.8.9\jackson-databind-2.8.9.jar;C:\Users\Kendel\.m2\repository\com\fasterxml\jackson\core\jackson-annotations\2.8.9\jackson-annotations-2.8.9.jar;C:\Users\Kendel\.m2\repository\com\google\guava\guava\23.0-android\guava-23.0-android.jar;C:\Users\Kendel\.m2\repository\com\google\code\findbugs\jsr305\1.3.9\jsr305-1.3.9.jar;C:\Users\Kendel\.m2\repository\com\google\errorprone\error_prone_annotations\2.0.18\error_prone_annotations-2.0.18.jar;C:\Users\Kendel\.m2\repository\com\google\j2objc\j2objc-annotations\1.1\j2objc-annotations-1.1.jar;C:\Users\Kendel\.m2\repository\org\codehaus\mojo\animal-sniffer-annotations\1.14\animal-sniffer-annotations-1.14.jar;C:\Users\Kendel\.m2\repository\dnsjava\dnsjava\2.1.8\dnsjava-2.1.8.jar;C:\Users\Kendel\.m2\repository\org\slf4j\jcl-over-slf4j\1.7.25\jcl-over-slf4j-1.7.25.jar;C:\Users\Kendel\.m2\repository\com\jcraft\jzlib\1.1.3\jzlib-1.1.3.jar;C:\Users\Kendel\.m2\repository\io\netty\netty-all\4.0.51.Final\netty-all-4.0.51.Final.jar;C:\Users\Kendel\.m2\repository\org\bouncycastle\bcprov-jdk15on\1.58\bcprov-jdk15on-1.58.jar;C:\Users\Kendel\.m2\repository\org\bouncycastle\bcpkix-jdk15on\1.58\bcpkix-jdk15on-1.58.jar;C:\Users\Kendel\.m2\repository\net\lightbody\bmp\mitm\2.1.5\mitm-2.1.5.jar;"/>
    <property name="sun.cpu.endian" value="little"/>
    <property name="user.home" value="C:\Users\Kendel"/>
    <property name="user.language" value="en"/>
    <property name="java.specification.vendor" value="Oracle Corporation"/>
    <property name="java.version.date" value="2024-01-16"/>
    <property name="java.home" value="C:\Program Files\Java\jdk-21"/>
    <property name="file.separator" value="\"/>
    <property name="basedir" value="C:\Projects\Selenium\A\demo"/>
    <property name="java.vm.compressedOopsMode" value="Zero based"/>
    <property name="line.separator" value="&#10;"/>
    <property name="java.vm.specification.vendor" value="Oracle Corporation"/>
    <property name="java.specification.name" value="Java Platform API Specification"/>
    <property name="surefire.real.class.path" value="C:\Users\Kendel\AppData\Local\Temp\surefire17430520095400152456\surefirebooter-20240302115405711_3.jar"/>
    <property name="user.script" value=""/>
    <property name="sun.management.compiler" value="HotSpot 64-Bit Tiered Compilers"/>
    <property name="java.runtime.version" value="21.0.2+13-LTS-58"/>
    <property name="user.name" value="Kendel"/>
    <property name="stdout.encoding" value="Cp1255"/>
    <property name="path.separator" value=";"/>
    <property name="os.version" value="10.0"/>
    <property name="java.runtime.name" value="Java(TM) SE Runtime Environment"/>
    <property name="file.encoding" value="UTF-8"/>
    <property name="java.vm.name" value="Java HotSpot(TM) 64-Bit Server VM"/>
    <property name="localRepository" value="C:\Users\Kendel\.m2\repository"/>
    <property name="java.vendor.url.bug" value="https://bugreport.java.com/bugreport/"/>
    <property name="java.io.tmpdir" value="C:\Users\Kendel\AppData\Local\Temp\"/>
    <property name="java.version" value="21.0.2"/>
    <property name="user.dir" value="C:\Projects\Selenium\A\demo"/>
    <property name="os.arch" value="amd64"/>
    <property name="java.vm.specification.name" value="Java Virtual Machine Specification"/>
    <property name="sun.os.patch.level" value=""/>
    <property name="native.encoding" value="Cp1255"/>
    <property name="java.library.path" value="C:\Program Files\Java\jdk-21\bin;C:\WINDOWS\Sun\Java\bin;C:\WINDOWS\system32;C:\WINDOWS;C:\Program Files\Common Files\Oracle\Java\javapath;C:\ProgramData\Oracle\Java\javapath;C:\Program Files (x86)\Intel\iCLS Client\;C:\Program Files\Intel\iCLS Client\;C:\WINDOWS\system32;C:\WINDOWS;C:\WINDOWS\System32\Wbem;C:\WINDOWS\System32\WindowsPowerShell\v1.0\;C:\Program Files (x86)\Intel\Intel(R) Management Engine Components\DAL;C:\Program Files\Intel\Intel(R) Management Engine Components\DAL;C:\Program Files (x86)\Intel\Intel(R) Management Engine Components\IPT;C:\Program Files\Intel\Intel(R) Management Engine Components\IPT;C:\Program Files (x86)\GtkSharp\2.12\bin;C:\WINDOWS\System32\OpenSSH\;C:\Program Files\NVIDIA Corporation\NVIDIA NvDLISR;C:\Program Files (x86)\NVIDIA Corporation\PhysX\Common;C:\WINDOWS\system32;C:\WINDOWS;C:\WINDOWS\System32\Wbem;C:\WINDOWS\System32\WindowsPowerShell\v1.0\;C:\WINDOWS\System32\OpenSSH\;C:\Program Files\dotnet\;C:\Program Files\nodejs\;C:\Program Files\Git\cmd;C:\Program Files\apache-maven-3.9.6\bin;C:\Program Files\allure-2.27.0\bin;C:\Users\Kendel\AppData\Local\Programs\Python\Launcher\;C:\Users\Kendel\AppData\Local\Microsoft\WindowsApps;C:\Program Files\phantomjs-2.1.1-windows\bin;C:\Program Files\casperjs\bin;;C:\Users\Kendel\AppData\Local\Programs\Microsoft VS Code\bin;C:\Users\Kendel\AppData\Roaming\npm;."/>
    <property name="java.vm.info" value="mixed mode, sharing"/>
    <property name="stderr.encoding" value="Cp1255"/>
    <property name="java.vendor" value="Oracle Corporation"/>
    <property name="java.vm.version" value="21.0.2+13-LTS-58"/>
    <property name="sun.io.unicode.encoding" value="UnicodeLittle"/>
    <property name="java.class.version" value="65.0"/>
  </properties>
  <testcase name="VicariusValidSignIn" classname="SignInPageTests" time="5.073">
    <system-out><![CDATA[----------------- Starting Execution ---------------
----------- Starting Test: Vicarius Valid Sign In -------------
----------- Test: Vicarius Valid Sign In Passed -------------
]]></system-out>
    <system-err><![CDATA[Mar 02, 2024 11:54:14 AM workflows.WebFlows signIn
INFO: Signing in user: admin@vicarius.io
Mar 02, 2024 11:54:16 AM extensions.Verifications verifyApiResponse
INFO: API response status: 200. URL: https://www.vicarius.io/api/v2/forms/signin
]]></system-err>
  </testcase>
  <testcase name="VicariusEmptySignIn" classname="SignInPageTests" time="13.309">
    <system-out><![CDATA[----------- Starting Test: Vicarius Empty Sign In -------------
----------- Test: Vicarius Empty Sign In Passed -------------
]]></system-out>
    <system-err><![CDATA[Mar 02, 2024 11:54:19 AM workflows.WebFlows signIn
INFO: Signing in user: 
Mar 02, 2024 11:54:20 AM workflows.WebFlows verifyCloseNotification
INFO: Closing login notification...
Mar 02, 2024 11:54:32 AM workflows.WebFlows verifyCloseNotification
INFO: Login notification closed successfully.
]]></system-err>
  </testcase>
  <testcase name="VicariusInvalidSignIn" classname="SignInPageTests" time="13.512">
    <system-out><![CDATA[----------- Starting Test: Vicarius Invalid Sign In -------------
----------- Test: Vicarius Invalid Sign In Passed -------------
]]></system-out>
    <system-err><![CDATA[Mar 02, 2024 11:54:33 AM workflows.WebFlows signIn
INFO: Signing in user: sum.ting.wong
Mar 02, 2024 11:54:35 AM workflows.WebFlows verifyCloseNotification
INFO: Closing login notification...
Mar 02, 2024 11:54:46 AM workflows.WebFlows verifyCloseNotification
INFO: Login notification closed successfully.
]]></system-err>
  </testcase>
  <testcase name="VicariusMissingEmailSignIn" classname="SignInPageTests" time="2.173">
    <system-out><![CDATA[----------- Starting Test: Vicarius Missing Email Sign In -------------
----------- Test: Vicarius Missing Email Sign In Passed -------------
]]></system-out>
    <system-err><![CDATA[Mar 02, 2024 11:54:48 AM workflows.WebFlows signIn
INFO: Signing in user: qa.test@victorius.io
Mar 02, 2024 11:54:50 AM extensions.Verifications verifyApiResponse
INFO: API response status: 400. URL: https://www.vicarius.io/api/v2/forms/signin
]]></system-err>
  </testcase>
  <testcase name="VicariusOption" classname="SignInPageTests" time="0.704">
    <system-out><![CDATA[----------- Starting Test: Vicarius Option -------------
----------- Test: Vicarius Option Passed -------------
]]></system-out>
  </testcase>
  <testcase name="VicariusFeaturesAndFAQ" classname="SignInPageTests" time="1.031">
    <system-out><![CDATA[----------- Starting Test: Vicarius Features And F A Q -------------
----------- Test: Vicarius Features And F A Q Passed -------------
]]></system-out>
  </testcase>
  <testcase name="VicariusUIVisible" classname="SignInPageTests" time="1.107">
    <system-out><![CDATA[----------- Starting Test: Vicarius U I Visible -------------
----------- Test: Vicarius U I Visible Passed -------------
]]></system-out>
  </testcase>
  <testcase name="VicariusValidSignUp" classname="SignUpPageTests" time="7.328">
    <system-out><![CDATA[----------------- Ending Execution ---------------
----------------- Starting Execution ---------------
----------- Starting Test: Vicarius Valid Sign Up -------------
----------- Test: Vicarius Valid Sign Up Passed -------------
]]></system-out>
    <system-err><![CDATA[Mar 02, 2024 11:55:03 AM workflows.WebFlows signUp
INFO: Signing up user: Name: Victor Wolf, Email: vwolf@pack.com, Company: WolfPack
Mar 02, 2024 11:55:09 AM extensions.Verifications verifyApiResponse
INFO: API response status: 200. URL: https://www.vicarius.io/api/v2/forms/signup
]]></system-err>
  </testcase>
  <testcase name="VicariusEmptySignUp" classname="SignUpPageTests" time="2.999">
    <system-out><![CDATA[----------- Starting Test: Vicarius Empty Sign Up -------------
----------- Test: Vicarius Empty Sign Up Passed -------------
]]></system-out>
  </testcase>
  <testcase name="VicariusOption" classname="SignUpPageTests" time="0.723">
    <system-out><![CDATA[----------- Starting Test: Vicarius Option -------------
----------- Test: Vicarius Option Passed -------------
]]></system-out>
  </testcase>
  <testcase name="VicariusPasswordMismatch" classname="SignUpPageTests" time="8.219">
    <system-out><![CDATA[----------- Starting Test: Vicarius Password Mismatch -------------
----------- Test: Vicarius Password Mismatch Passed -------------
]]></system-out>
    <system-err><![CDATA[Mar 02, 2024 11:55:18 AM workflows.WebFlows signUp
INFO: Signing up user: Name: Victor Wolf, Email: vwolf@pack.com, Company: WolfPack
]]></system-err>
  </testcase>
  <testcase name="VicariusPasswordRules" classname="SignUpPageTests" time="34.427">
    <system-out><![CDATA[----------- Starting Test: Vicarius Password Rules -------------
----------- Test: Vicarius Password Rules Passed -------------
Failed to Delete File
]]></system-out>
    <system-err><![CDATA[Mar 02, 2024 11:55:27 AM workflows.WebFlows signUp
INFO: Signing up user: Name: Victor Wolf, Email: vwolf@pack.com, Company: WolfPack
]]></system-err>
  </testcase>
  <testcase name="VicariusFeaturesAndFAQ" classname="SignUpPageTests" time="1.18">
    <system-out><![CDATA[----------- Starting Test: Vicarius Features And F A Q -------------
----------- Test: Vicarius Features And F A Q Passed -------------
]]></system-out>
  </testcase>
  <testcase name="VicariusUIVisible" classname="SignUpPageTests" time="1.44">
    <system-out><![CDATA[----------- Starting Test: Vicarius U I Visible -------------
----------- Test: Vicarius U I Visible Passed -------------
]]></system-out>
  </testcase>
  <testcase name="VicariusChatWidget" classname="OverlayTests" time="13.2">
    <system-out><![CDATA[----------------- Ending Execution ---------------
----------------- Starting Execution ---------------
----------- Starting Test: Vicarius Chat Widget -------------
----------- Test: Vicarius Chat Widget Passed -------------
]]></system-out>
    <system-err><![CDATA[Mar 02, 2024 11:56:13 AM utilities.CommonOps switchToIFrame
INFO: Switching to iframe: #hubspot-conversations-iframe
Mar 02, 2024 11:56:15 AM workflows.WebFlows openChat
INFO: Chat Widget opened successfully.
Mar 02, 2024 11:56:26 AM workflows.WebFlows closeChat
INFO: Chat Widget closed successfully.
]]></system-err>
  </testcase>
  <testcase name="VicariusMouseCursor" classname="OverlayTests" time="2.673">
    <system-out><![CDATA[----------- Starting Test: Vicarius Mouse Cursor -------------
----------- Test: Vicarius Mouse Cursor Passed -------------
]]></system-out>
    <system-err><![CDATA[Mar 02, 2024 11:56:30 AM OverlayTests VicariusMouseCursor
INFO: Cursor style: translate: none; rotate: none; scale: none; transform: translate(1330px, 197px);
Mar 02, 2024 11:56:31 AM OverlayTests VicariusMouseCursor
INFO: Cursor style: translate: none; rotate: none; scale: none; transform: translate(120px, 50px);
]]></system-err>
  </testcase>
</testsuite>