<?xml version="1.0" encoding="UTF-8"?>
<!-- Generated by org.testng.reporters.JUnitReportReporter -->
<testsuite hostname="DESKTOP-O28HRBL" failures="0" tests="9" name="vicarius.SignInPageTests" time="42.486" errors="0" timestamp="2024-02-29T18:33:08 IST" skipped="0">
  <testcase classname="vicarius.SignInPageTests" name="VicariusValidSignIn" time="5.116"/>
  <testcase classname="vicarius.SignInPageTests" name="VicariusInvalidSignIn" time="8.658"/>
  <testcase classname="vicarius.SignInPageTests" name="VicariusOption" time="1.395"/>
  <testcase classname="vicarius.SignInPageTests" name="VicariusMissingEmailSignIn" time="3.600"/>
  <testcase classname="vicarius.SignInPageTests" name="VicariusEmptySignIn" time="9.013"/>
  <testcase classname="vicarius.SignInPageTests" name="VicariusUIVisible" time="1.805"/>
  <testcase classname="vicarius.SignInPageTests" name="VicariusFeatures" time="2.251"/>
  <testcase classname="vicarius.SignInPageTests" name="VicariusMouseCursor" time="2.668"/>
  <testcase classname="vicarius.SignInPageTests" name="VicariusChatWidget" time="7.980"/>
</testsuite> <!-- vicarius.SignInPageTests -->
