<?xml version="1.0" encoding="UTF-8"?>
<!-- Generated by org.testng.reporters.JUnitReportReporter -->
<testsuite hostname="DESKTOP-O28HRBL" failures="0" tests="7" name="SignInPageTests" time="43.279" errors="0" timestamp="2024-03-02T14:16:04 IST" skipped="0">
  <testcase classname="SignInPageTests" name="VicariusValidSignIn" time="3.501"/>
  <system-out/>
  <testcase classname="SignInPageTests" name="VicariusInvalidSignIn" time="15.880"/>
  <system-out/>
  <testcase classname="SignInPageTests" name="VicariusEmptySignIn" time="14.417"/>
  <system-out/>
  <testcase classname="SignInPageTests" name="VicariusOption" time="1.676"/>
  <system-out/>
  <testcase classname="SignInPageTests" name="VicariusMissingEmailSignIn" time="3.145"/>
  <system-out/>
  <testcase classname="SignInPageTests" name="VicariusUIVisible" time="2.321"/>
  <system-out/>
  <testcase classname="SignInPageTests" name="VicariusFeaturesAndFAQ" time="2.339"/>
  <system-out/>
</testsuite> <!-- SignInPageTests -->
