<?xml version="1.0" encoding="UTF-8"?>
<!-- Generated by org.testng.reporters.JUnitReportReporter -->
<testsuite hostname="DESKTOP-O28HRBL" failures="0" tests="9" name="SignInPageTests" time="71.087" errors="0" timestamp="2024-03-01T16:50:53 IST" skipped="0">
  <testcase classname="SignInPageTests" name="VicariusValidSignIn" time="9.415"/>
  <testcase classname="SignInPageTests" name="VicariusMissingEmailSignIn" time="3.634"/>
  <testcase classname="SignInPageTests" name="VicariusEmptySignIn" time="16.143"/>
  <testcase classname="SignInPageTests" name="VicariusInvalidSignIn" time="15.135"/>
  <testcase classname="SignInPageTests" name="VicariusOption" time="1.942"/>
  <testcase classname="SignInPageTests" name="VicariusFeaturesAndFAQ" time="4.070"/>
  <testcase classname="SignInPageTests" name="VicariusUIVisible" time="4.688"/>
  <testcase classname="SignInPageTests" name="VicariusChatWidget" time="13.281"/>
  <testcase classname="SignInPageTests" name="VicariusMouseCursor" time="2.779"/>
</testsuite> <!-- SignInPageTests -->
