<?xml version="1.0" encoding="UTF-8"?>
<!-- Generated by org.testng.reporters.JUnitReportReporter -->
<testsuite hostname="DESKTOP-O28HRBL" failures="0" tests="2" name="OverlayTests" time="19.237" errors="0" timestamp="2024-03-02T14:16:04 IST" skipped="0">
  <testcase classname="OverlayTests" name="VicariusChatWidget" time="15.197"/>
  <system-out/>
  <testcase classname="OverlayTests" name="VicariusMouseCursor" time="4.040"/>
  <system-out/>
</testsuite> <!-- OverlayTests -->
