<?xml version="1.0" encoding="UTF-8"?>
<!-- Generated by org.testng.reporters.JUnitReportReporter -->
<testsuite hostname="DESKTOP-O28HRBL" failures="0" tests="2" name="ProductPageTests" time="29.425" errors="0" timestamp="2024-03-03T02:24:55 IST" skipped="0">
  <testcase classname="ProductPageTests" name="VicariusProductPageWatchDemo" time="4.913"/>
  <system-out/>
  <testcase classname="ProductPageTests" name="VicariusProductPageElements" time="24.512"/>
  <system-out/>
</testsuite> <!-- ProductPageTests -->
