<?xml version="1.0" encoding="UTF-8"?>
<!-- Generated by org.testng.reporters.JUnitReportReporter -->
<testsuite hostname="DESKTOP-O28HRBL" failures="0" tests="7" name="SignUpPageTests" time="63.023" errors="0" timestamp="2024-03-02T14:16:04 IST" skipped="0">
  <testcase classname="SignUpPageTests" name="VicariusValidSignUp" time="10.009"/>
  <system-out/>
  <testcase classname="SignUpPageTests" name="VicariusPasswordRules" time="35.263"/>
  <system-out/>
  <testcase classname="SignUpPageTests" name="VicariusOption" time="1.481"/>
  <system-out/>
  <testcase classname="SignUpPageTests" name="VicariusPasswordMismatch" time="8.626"/>
  <system-out/>
  <testcase classname="SignUpPageTests" name="VicariusEmptySignUp" time="3.448"/>
  <system-out/>
  <testcase classname="SignUpPageTests" name="VicariusFeaturesAndFAQ" time="1.492"/>
  <system-out/>
  <testcase classname="SignUpPageTests" name="VicariusUIVisible" time="2.704"/>
  <system-out/>
</testsuite> <!-- SignUpPageTests -->
