<?xml version="1.0" encoding="UTF-8"?>
<!-- Generated by org.testng.reporters.JUnitReportReporter -->
<testsuite hostname="DESKTOP-O28HRBL" failures="0" tests="7" name="SignInPageTests" time="35.201" errors="0" timestamp="2024-03-03T01:59:30 IST" skipped="0">
  <testcase classname="SignInPageTests" name="VicariusValidSignIn" time="4.160"/>
  <system-out/>
  <testcase classname="SignInPageTests" name="VicariusEmptySignIn" time="12.398"/>
  <system-out/>
  <testcase classname="SignInPageTests" name="VicariusInvalidSignIn" time="9.380"/>
  <system-out/>
  <testcase classname="SignInPageTests" name="VicariusOption" time="2.032"/>
  <system-out/>
  <testcase classname="SignInPageTests" name="VicariusMissingEmailSignIn" time="3.250"/>
  <system-out/>
  <testcase classname="SignInPageTests" name="VicariusFeaturesAndFAQ" time="1.574"/>
  <system-out/>
  <testcase classname="SignInPageTests" name="VicariusUIVisible" time="2.407"/>
  <system-out/>
</testsuite> <!-- SignInPageTests -->
