<?xml version="1.0" encoding="UTF-8"?>
<!-- Generated by org.testng.reporters.JUnitReportReporter -->
<testsuite hostname="DESKTOP-O28HRBL" failures="0" tests="7" name="SignUpPageTests" time="28.024" errors="0" timestamp="2024-03-01T16:50:53 IST" skipped="0">
  <testcase classname="SignUpPageTests" name="VicariusValidSignUp" time="2.030"/>
  <testcase classname="SignUpPageTests" name="VicariusOption" time="2.078"/>
  <testcase classname="SignUpPageTests" name="VicariusEmptySignUp" time="0.710"/>
  <testcase classname="SignUpPageTests" name="VicariusFeaturesAndFAQ" time="2.266"/>
  <testcase classname="SignUpPageTests" name="VicariusUIVisible" time="1.837"/>
  <testcase classname="SignUpPageTests" name="VicariusMouseCursor" time="3.419"/>
  <testcase classname="SignUpPageTests" name="VicariusChatWidget" time="15.684"/>
</testsuite> <!-- SignUpPageTests -->
