<?xml version="1.0" encoding="UTF-8"?>
<!-- Generated by org.testng.reporters.JUnitReportReporter -->
<testsuite hostname="DESKTOP-O28HRBL" failures="0" tests="7" name="SignUpPageTests" time="67.224" errors="0" timestamp="2024-03-02T11:56:31 IST" skipped="0">
  <testcase classname="SignUpPageTests" name="VicariusValidSignUp" time="8.575"/>
  <system-out/>
  <testcase classname="SignUpPageTests" name="VicariusEmptySignUp" time="4.363"/>
  <system-out/>
  <testcase classname="SignUpPageTests" name="VicariusOption" time="1.310"/>
  <system-out/>
  <testcase classname="SignUpPageTests" name="VicariusPasswordRules" time="35.599"/>
  <system-out/>
  <testcase classname="SignUpPageTests" name="VicariusPasswordMismatch" time="9.332"/>
  <system-out/>
  <testcase classname="SignUpPageTests" name="VicariusFeaturesAndFAQ" time="3.588"/>
  <system-out/>
  <testcase classname="SignUpPageTests" name="VicariusUIVisible" time="4.457"/>
  <system-out/>
</testsuite> <!-- SignUpPageTests -->
