<?xml version="1.0" encoding="UTF-8"?>
<!-- Generated by org.testng.reporters.JUnitReportReporter -->
<testsuite hostname="DESKTOP-O28HRBL" failures="0" tests="9" name="vicarius.SignInPageTests" time="57.753" errors="0" timestamp="2024-03-01T12:20:15 IST" skipped="0">
  <testcase classname="vicarius.SignInPageTests" name="VicariusValidSignIn" time="4.815"/>
  <testcase classname="vicarius.SignInPageTests" name="VicariusInvalidSignIn" time="13.734"/>
  <testcase classname="vicarius.SignInPageTests" name="VicariusEmptySignIn" time="13.761"/>
  <testcase classname="vicarius.SignInPageTests" name="VicariusOption" time="1.685"/>
  <testcase classname="vicarius.SignInPageTests" name="VicariusMissingEmailSignIn" time="2.788"/>
  <testcase classname="vicarius.SignInPageTests" name="VicariusFeaturesAndFAQ" time="2.790"/>
  <testcase classname="vicarius.SignInPageTests" name="VicariusUIVisible" time="1.957"/>
  <testcase classname="vicarius.SignInPageTests" name="VicariusChatWidget" time="13.098"/>
  <testcase classname="vicarius.SignInPageTests" name="VicariusMouseCursor" time="3.125"/>
</testsuite> <!-- vicarius.SignInPageTests -->
