<?xml version="1.0" encoding="UTF-8"?>
<!-- Generated by org.testng.reporters.JUnitReportReporter -->
<testsuite hostname="DESKTOP-O28HRBL" failures="0" tests="1" name="vicarius.AppTest" time="0.047" errors="0" timestamp="2024-02-27T18:49:04 IST" skipped="0">
  <testcase classname="vicarius.AppTest" name="shouldVisitPage" time="0.047"/>
</testsuite> <!-- vicarius.AppTest -->
