<?xml version="1.0" encoding="UTF-8"?>
<!-- Generated by org.testng.reporters.JUnitReportReporter -->
<testsuite hostname="DESKTOP-O28HRBL" failures="0" tests="7" name="SignInPageTests" time="46.277" errors="0" timestamp="2024-03-02T11:56:31 IST" skipped="0">
  <testcase classname="SignInPageTests" name="VicariusValidSignIn" time="6.270"/>
  <system-out/>
  <testcase classname="SignInPageTests" name="VicariusInvalidSignIn" time="14.660"/>
  <system-out/>
  <testcase classname="SignInPageTests" name="VicariusMissingEmailSignIn" time="3.457"/>
  <system-out/>
  <testcase classname="SignInPageTests" name="VicariusEmptySignIn" time="15.250"/>
  <system-out/>
  <testcase classname="SignInPageTests" name="VicariusOption" time="1.812"/>
  <system-out/>
  <testcase classname="SignInPageTests" name="VicariusFeaturesAndFAQ" time="2.258"/>
  <system-out/>
  <testcase classname="SignInPageTests" name="VicariusUIVisible" time="2.570"/>
  <system-out/>
</testsuite> <!-- SignInPageTests -->
