<?xml version="1.0" encoding="UTF-8"?>
<!-- Generated by org.testng.reporters.JUnitReportReporter -->
<testsuite hostname="DESKTOP-O28HRBL" failures="0" tests="2" name="OverlayTests" time="20.794" errors="0" timestamp="2024-03-02T11:56:31 IST" skipped="0">
  <testcase classname="OverlayTests" name="VicariusChatWidget" time="16.196"/>
  <system-out/>
  <testcase classname="OverlayTests" name="VicariusMouseCursor" time="4.598"/>
  <system-out/>
</testsuite> <!-- OverlayTests -->
