<?xml version="1.0" encoding="UTF-8"?>
<!-- Generated by org.testng.reporters.JUnitReportReporter -->
<testsuite hostname="DESKTOP-O28HRBL" failures="0" tests="2" name="ProductPageTests" time="26.723" errors="0" timestamp="2024-03-03T02:12:37 IST" skipped="0">
  <testcase classname="ProductPageTests" name="VicariusProductPageWatchDemo" time="5.866"/>
  <system-out/>
  <testcase classname="ProductPageTests" name="VicariusProductPageElements" time="20.857"/>
  <system-out/>
</testsuite> <!-- ProductPageTests -->
