<?xml version="1.0" encoding="UTF-8"?>
<!-- Generated by org.testng.reporters.JUnitReportReporter -->
<testsuite hostname="DESKTOP-O28HRBL" failures="0" tests="2" name="OverlayTests" time="19.282" errors="0" timestamp="2024-03-03T02:04:14 IST" skipped="0">
  <testcase classname="OverlayTests" name="VicariusChatWidget" time="16.207"/>
  <system-out/>
  <testcase classname="OverlayTests" name="VicariusMouseCursor" time="3.075"/>
  <system-out/>
</testsuite> <!-- OverlayTests -->
